Arguments: 
  /Users/nikitin/.nvm/versions/node/v10.18.1/bin/node /usr/local/Cellar/yarn/1.21.1/libexec/bin/yarn.js

PATH: 
  /Users/nikitin/.rbenv/shims:/Users/nikitin/.pyenv/shims:/Users/nikitin/src/phi-infra:/Users/nikitin/.nvm/versions/node/v10.18.1/bin:/usr/local/bin:/usr/bin:/bin:/usr/sbin:/sbin:/Library/Apple/usr/bin:/Users/nikitin/Library/Android/sdk/emulator:/Users/nikitin/Library/Android/sdk/tools:/Users/nikitin/Library/Android/sdk/tools/bin:/Users/nikitin/Library/Android/sdk/platform-tools

Yarn version: 
  1.21.1

Node version: 
  10.18.1

Platform: 
  darwin x64

Trace: 
  SyntaxError: /Users/nikitin/src/paw-dynamic-auth/package.json: Unexpected token } in JSON at position 1148
      at JSON.parse (<anonymous>)
      at /usr/local/Cellar/yarn/1.21.1/libexec/lib/cli.js:1625:59
      at Generator.next (<anonymous>)
      at step (/usr/local/Cellar/yarn/1.21.1/libexec/lib/cli.js:310:30)
      at /usr/local/Cellar/yarn/1.21.1/libexec/lib/cli.js:321:13

npm manifest: 
  {
    "name": "CDN360DynamicAuth",
    "version": "1.0.0",
    "main": "src/CDN360DynamicAuth.js",
    "license": "MIT",
    "dependencies": {
      "babel-plugin-transform-flow-strip-types": "6.3.15",
      "babel-polyfill": "6.3.14",
      "babel-runtime": "6.3.19",
      "immutable": "3.7.6"
    },
    "devDependencies": {
      "babel-core": "6.4.0",
      "babel-loader": "6.2.0",
      "babel-plugin-rewire": "1.0.0-beta-3",
      "babel-plugin-transform-decorators": "6.3.13",
      "babel-plugin-transform-decorators-legacy": "1.3.2",
      "babel-plugin-transform-runtime": "6.3.13",
      "babel-preset-es2015": "6.3.13",
      "babel-preset-stage-0": "6.3.13",
      "babel-preset-stage-1": "6.3.13",
      "babel-preset-stage-2": "6.3.13",
      "babel-preset-stage-3": "6.3.13",
      "babel-register": "6.3.13",
      "chai": "3.4.1",
      "mocha": "2.3.4",
      "path": "0.12.7",
      "webpack": "1.12.9"
    },
    "scripts": {
      "build": "rm -rf dist/ && BUILD_ENV=build ./node_modules/.bin/webpack --bail --display-error-details",
      "test": "exit 0"
    },
    "options": {
      "mocha": "./node_modules/.bin/mocha --require mocha --compilers js:babel-register --reporter spec"
    },
  
  }

yarn manifest: 
  No manifest

Lockfile: 
  No lockfile
